<?xml version="1.0" encoding="UTF-8"?>
<testsuites name="Testing Login dan List" time="19.471" tests="2" failures="0" errors="0">
   <testsuite name="Testing Login dan List" tests="2" failures="0" errors="0" time="19.471" skipped="0" timestamp="16-05-2024T17:12:49" hostname="ASUS - LAPTOP-CPOODHPQ" id="Test Suites/Testing Login dan List">
      <properties>
         <property name="deviceName" value=""/>
         <property name="devicePlatform" value=""/>
         <property name="logFolder" value="C:\\Users\\ASUS\\git\\katalon_testing\\Reports\\20240516_171247\\Testing Login dan List\\20240516_171247"/>
         <property name="logFiles" value="C:\\Users\\ASUS\\git\\katalon_testing\\Reports\\20240516_171247\\Testing Login dan List\\20240516_171247\\execution0.log"/>
         <property name="attachments" value=""/>
         <property name="hostName" value="ASUS - LAPTOP-CPOODHPQ"/>
         <property name="os" value="Windows 11 64bit"/>
         <property name="katalonVersion" value="9.4.0.212"/>
         <property name="browser" value="Chrome 124.0.0.0"/>
         <property name="hostAddress" value="192.168.2.84"/>
         <property name="sessionId" value="1c6bf43f6180d50122b6892a920a7822"/>
         <property name="seleniumVersion" value="3.141.59"/>
         <property name="proxyInformation" value="ProxyInformation { proxyOption=NO_PROXY, proxyServerType=HTTP, username=, password=********, proxyServerAddress=, proxyServerPort=0, executionList=&quot;&quot;, isApplyToDesiredCapabilities=true }"/>
         <property name="platform" value="Windows 11"/>
      </properties>
      <testcase name="Test Cases/Login" time="4.406" classname="Test Cases/Login" status="PASSED">
         <system-out><![CDATA[16-05-2024T17:12:49 - [TEST_CASE][PASSED] - Test Cases/Login: Test Cases/Login

16-05-2024T17:12:49 - [TEST_STEP][PASSED] - openBrowser(""): Browser is opened with url: ''

16-05-2024T17:12:50 - [MESSAGE][INFO] - Starting 'Chrome' driver

16-05-2024T17:12:50 - [MESSAGE][INFO] - Action delay is set to 0 milliseconds

16-05-2024T17:12:51 - [MESSAGE][PASSED] - Browser is opened with url: ''

16-05-2024T17:12:51 - [TEST_STEP][PASSED] - navigateToUrl("https://trensentimen.my.id/login.html"): Navigate to 'https://trensentimen.my.id/login.html' successfully

16-05-2024T17:12:52 - [MESSAGE][PASSED] - Navigate to 'https://trensentimen.my.id/login.html' successfully

16-05-2024T17:12:52 - [TEST_STEP][PASSED] - setText(findTestObject("Object Repository/Page_Form Login/input_Login_email"), "inad@gmail.com"): Text 'inad@gmail.com' is set on object 'Object Repository/Page_Form Login/input_Login_email'

16-05-2024T17:12:53 - [MESSAGE][PASSED] - Text 'inad@gmail.com' is set on object 'Object Repository/Page_Form Login/input_Login_email'

16-05-2024T17:12:53 - [TEST_STEP][PASSED] - setEncryptedText(findTestObject("Object Repository/Page_Form Login/input_Login_password"), "RigbBhfdqOBDK95asqKeHw=="): Text ****** has been set on object 'Object Repository/Page_Form Login/input_Login_password'

16-05-2024T17:12:53 - [MESSAGE][PASSED] - Text ****** has been set on object 'Object Repository/Page_Form Login/input_Login_password'

16-05-2024T17:12:53 - [TEST_STEP][PASSED] - click(findTestObject("Object Repository/Page_Form Login/button_Login")): Object: 'Object Repository/Page_Form Login/button_Login' is clicked on

16-05-2024T17:12:53 - [MESSAGE][PASSED] - Object: 'Object Repository/Page_Form Login/button_Login' is clicked on

16-05-2024T17:12:53 - [TEST_STEP][PASSED] - closeBrowser(): Browser is closed

16-05-2024T17:12:54 - [MESSAGE][PASSED] - Browser is closed]]></system-out>
         <system-err><![CDATA[]]></system-err>
      </testcase>
      <testcase name="Test Cases/List" time="14.926" classname="Test Cases/List" status="PASSED">
         <system-out><![CDATA[16-05-2024T17:12:54 - [TEST_CASE][PASSED] - Test Cases/List: Test Cases/List

16-05-2024T17:12:54 - [TEST_STEP][PASSED] - openBrowser(""): Browser is opened with url: ''

16-05-2024T17:12:54 - [MESSAGE][INFO] - Starting 'Chrome' driver

16-05-2024T17:12:54 - [MESSAGE][INFO] - Action delay is set to 0 milliseconds

16-05-2024T17:12:54 - [MESSAGE][PASSED] - Browser is opened with url: ''

16-05-2024T17:12:54 - [TEST_STEP][PASSED] - navigateToUrl("https://trensentimen.my.id/login.html"): Navigate to 'https://trensentimen.my.id/login.html' successfully

16-05-2024T17:12:55 - [MESSAGE][PASSED] - Navigate to 'https://trensentimen.my.id/login.html' successfully

16-05-2024T17:12:55 - [TEST_STEP][PASSED] - setText(findTestObject("Object Repository/Page_Form Login/input_Login_email"), "dimas@gmail.com"): Text 'dimas@gmail.com' is set on object 'Object Repository/Page_Form Login/input_Login_email'

16-05-2024T17:12:56 - [MESSAGE][PASSED] - Text 'dimas@gmail.com' is set on object 'Object Repository/Page_Form Login/input_Login_email'

16-05-2024T17:12:56 - [TEST_STEP][PASSED] - setEncryptedText(findTestObject("Object Repository/Page_Form Login/input_Login_password"), "RigbBhfdqOBDK95asqKeHw=="): Text ****** has been set on object 'Object Repository/Page_Form Login/input_Login_password'

16-05-2024T17:12:56 - [MESSAGE][PASSED] - Text ****** has been set on object 'Object Repository/Page_Form Login/input_Login_password'

16-05-2024T17:12:56 - [TEST_STEP][PASSED] - click(findTestObject("Object Repository/Page_Form Login/button_Login")): Object: 'Object Repository/Page_Form Login/button_Login' is clicked on

16-05-2024T17:12:57 - [MESSAGE][PASSED] - Object: 'Object Repository/Page_Form Login/button_Login' is clicked on

16-05-2024T17:12:57 - [TEST_STEP][PASSED] - click(findTestObject("Object Repository/Page_Dashboard/a_Logout")): Object: 'Object Repository/Page_Dashboard/a_Logout' is clicked on

16-05-2024T17:13:03 - [MESSAGE][PASSED] - Object: 'Object Repository/Page_Dashboard/a_Logout' is clicked on

16-05-2024T17:13:03 - [TEST_STEP][PASSED] - click(findTestObject("Object Repository/Page_Dashboard/a_Daftar Sentimen")): Object: 'Object Repository/Page_Dashboard/a_Daftar Sentimen' is clicked on

16-05-2024T17:13:05 - [MESSAGE][PASSED] - Object: 'Object Repository/Page_Dashboard/a_Daftar Sentimen' is clicked on

16-05-2024T17:13:05 - [TEST_STEP][PASSED] - click(findTestObject("Object Repository/Page_Dashboard/button_Batal_showModalButton")): Object: 'Object Repository/Page_Dashboard/button_Batal_showModalButton' is clicked on

16-05-2024T17:13:06 - [MESSAGE][PASSED] - Object: 'Object Repository/Page_Dashboard/button_Batal_showModalButton' is clicked on

16-05-2024T17:13:06 - [TEST_STEP][PASSED] - click(findTestObject("Object Repository/Page_Dashboard/button_Logout_closeModalButton")): Object: 'Object Repository/Page_Dashboard/button_Logout_closeModalButton' is clicked on

16-05-2024T17:13:06 - [MESSAGE][PASSED] - Object: 'Object Repository/Page_Dashboard/button_Logout_closeModalButton' is clicked on

16-05-2024T17:13:06 - [TEST_STEP][PASSED] - click(findTestObject("Object Repository/Page_Dashboard/div_PRESIDEN JANGAN DIPILIH OLEH RAKYAT    _3f7b2b")): Object: 'Object Repository/Page_Dashboard/div_PRESIDEN JANGAN DIPILIH OLEH RAKYAT    _3f7b2b' is clicked on

16-05-2024T17:13:08 - [MESSAGE][PASSED] - Object: 'Object Repository/Page_Dashboard/div_PRESIDEN JANGAN DIPILIH OLEH RAKYAT    _3f7b2b' is clicked on

16-05-2024T17:13:08 - [TEST_STEP][PASSED] - closeBrowser(): Browser is closed

16-05-2024T17:13:09 - [MESSAGE][PASSED] - Browser is closed]]></system-out>
         <system-err><![CDATA[]]></system-err>
      </testcase>
      <system-out><![CDATA[16-05-2024T17:12:49 - [TEST_SUITE][PASSED] - Testing Login dan List: Test Cases/List]]></system-out>
      <system-err><![CDATA[]]></system-err>
   </testsuite>
</testsuites>
